{"name": "test_is_even[7]", "status": "skipped", "statusDetails": {"message": "XFAIL 7 is odd\n\nAssertionError: assert False\n +  where False = is_even(7)", "trace": "provide_number = 7\n\n    @pytest.mark.parametrize(\n        \"provide_number\",\n        # parameterized values can have markers\n        [2, 4, 6, 12, pytest.param(7, marks=pytest.mark.xfail(reason=\"7 is odd\", strict=True)), 8, 10],\n        indirect=True,\n    )\n    def test_is_even(provide_number):\n        \"\"\"Parameterized test checking whether given number is even.\n        Will fail due to pytest.param(7, marks=pytest.mark.xfail(reason=\"7 is odd\", strict=True))\n        and  if number == 7 return True\n    \n        Args:\n            provide_number (fixture): _description_\n        \"\"\"\n        num = provide_number\n>       assert is_even(num)\nE       assert False\nE        +  where False = is_even(7)\n\npytest\\test_dymanic_fixture.py:42: AssertionError"}, "description": "Parameterized test checking whether given number is even.\n    Will fail due to pytest.param(7, marks=pytest.mark.xfail(reason=\"7 is odd\", strict=True))\n    and  if number == 7 return True\n\n    Args:\n        provide_number (fixture): _description_\n    ", "parameters": [{"name": "provide_number", "value": "7"}], "start": 1760536767203, "stop": 1760536767203, "uuid": "e7adbd48-e4fb-42d6-a17d-0406e4964a4e", "historyId": "a8bc3bf4a6e5dd26fa88bede3dd150ad", "testCaseId": "4ad69aa8b02832a787ce31bea5480fed", "fullName": "pytest.test_dymanic_fixture#test_is_even", "labels": [{"name": "parentSuite", "value": "pytest"}, {"name": "suite", "value": "test_dymanic_fixture"}, {"name": "host", "value": "DESKTOP-0QGV2SB"}, {"name": "thread", "value": "6540-MainThread"}, {"name": "framework", "value": "pytest"}, {"name": "language", "value": "cpython3"}, {"name": "package", "value": "pytest.test_dymanic_fixture"}], "titlePath": ["pytest", "test_dymanic_fixture.py"]}