{"name": "test_negative_selenium_login", "status": "failed", "statusDetails": {"message": "AssertionError: assert 'https://app....n/auth/signin' == 'https://app....home/profiles'\n  \n  - https://app.multilogin.com/en/home/profiles\n  ?                                --- ^^^^ ^^^\n  + https://app.multilogin.com/en/auth/signin\n  ?                               +++  ^ ^^^^", "trace": "login_page = <selenium_basics.pages.selenium_login_page.LoginPage object at 0x00000200253E77A0>\ndriver = <selenium.webdriver.chrome.webdriver.WebDriver (session=\"50fbb6dbd503715235784dc5af3e6567\")>\n\n    @allure.story(\"Logging in with wrong creds\")\n    def test_negative_selenium_login(login_page: LoginPage, driver: WebDriver) -> None:\n        with allure.step(\"Going to the login page and inputing wrong creds\"):\n            allure.attach(\n                json.dumps(\n                    {\"email\": \"andrey.nguyen@multilogin.com\", \"password\": \"Qwerty1234!\"}\n                ),\n                \"Request body\",\n                attachment_type=allure.attachment_type.TEXT,\n            )\n            login_page.log_in(\"andrey.nguyen@multilogin.com\", \"Qwerty1234!\")\n        wait = WebDriverWait(driver, timeout=5)\n        notification = (By.CSS_SELECTOR, \".mat-body-medium.text\")\n        notification_text = wait.until(EC.visibility_of_element_located(notification)).text\n        print(notification_text)\n    \n        with allure.step(\"Asserting\"):\n            home_page = driver.current_url\n            title = driver.title\n>           assert home_page == \"https://app.multilogin.com/en/home/profiles\"\nE           AssertionError: assert 'https://app....n/auth/signin' == 'https://app....home/profiles'\nE             \nE             - https://app.multilogin.com/en/home/profiles\nE             ?                                --- ^^^^ ^^^\nE             + https://app.multilogin.com/en/auth/signin\nE             ?                               +++  ^ ^^^^\n\nselenium_basics\\tests\\test_selenium_login.py:59: AssertionError"}, "steps": [{"name": "Going to the login page and inputing wrong creds", "status": "passed", "attachments": [{"name": "Request body", "source": "30b23d06-085e-4981-a084-40ad2939f0e6-attachment.txt", "type": "text/plain"}], "start": 1758119452721, "stop": 1758119453137}, {"name": "Asserting", "status": "failed", "statusDetails": {"message": "AssertionError: assert 'https://app....n/auth/signin' == 'https://app....home/profiles'\n  \n  - https://app.multilogin.com/en/home/profiles\n  ?                                --- ^^^^ ^^^\n  + https://app.multilogin.com/en/auth/signin\n  ?                               +++  ^ ^^^^\n", "trace": "  File \"d:\\my_projects\\playground\\selenium_basics\\tests\\test_selenium_login.py\", line 59, in test_negative_selenium_login\n    assert home_page == \"https://app.multilogin.com/en/home/profiles\"\n"}, "start": 1758119454501, "stop": 1758119454512}], "attachments": [{"name": "screenshot_on_failure_test_negative_selenium_login", "source": "8b9ff7ad-c127-45ec-912c-b32e81d36f40-attachment.png", "type": "image/png"}, {"name": "stdout", "source": "3a0e6a2c-6aa0-4eb4-9960-935f0b43914c-attachment.txt", "type": "text/plain"}], "start": 1758119452721, "stop": 1758119454512, "uuid": "f1dc01fd-0982-4616-9869-9ab97588ed9f", "historyId": "d2cb006ac06253701f069121f8992ddd", "testCaseId": "d2cb006ac06253701f069121f8992ddd", "fullName": "selenium_basics.tests.test_selenium_login#test_negative_selenium_login", "labels": [{"name": "story", "value": "Logging in with wrong creds"}, {"name": "parentSuite", "value": "selenium_basics.tests"}, {"name": "suite", "value": "test_selenium_login"}, {"name": "host", "value": "DESKTOP-0QGV2SB"}, {"name": "thread", "value": "3960-MainThread"}, {"name": "framework", "value": "pytest"}, {"name": "language", "value": "cpython3"}, {"name": "package", "value": "selenium_basics.tests.test_selenium_login"}], "titlePath": ["selenium_basics", "tests", "test_selenium_login.py"]}