{"name": "test_is_even[7]", "status": "failed", "statusDetails": {"message": "AssertionError: assert (7 % 2) == 0", "trace": "provide_number = 7\n\n    @pytest.mark.parametrize(\"provide_number\", [2, 4, 6, 7, 8, 10])\n    def test_is_even(provide_number):\n        num = provide_number\n>       assert num % 2 == 0\nE       assert (7 % 2) == 0\n\npytest\\test_dymanic_fixture.py:20: AssertionError"}, "parameters": [{"name": "provide_number", "value": "7"}], "start": 1758386635857, "stop": 1758386635857, "uuid": "21ef98be-b13a-4b2b-8df0-178c32022373", "historyId": "a8bc3bf4a6e5dd26fa88bede3dd150ad", "testCaseId": "4ad69aa8b02832a787ce31bea5480fed", "fullName": "pytest.test_dymanic_fixture#test_is_even", "labels": [{"name": "parentSuite", "value": "pytest"}, {"name": "suite", "value": "test_dymanic_fixture"}, {"name": "host", "value": "DESKTOP-0QGV2SB"}, {"name": "thread", "value": "21988-MainThread"}, {"name": "framework", "value": "pytest"}, {"name": "language", "value": "cpython3"}, {"name": "package", "value": "pytest.test_dymanic_fixture"}], "titlePath": ["pytest", "test_dymanic_fixture.py"]}