{"name": "test_get_token_mocked[provide_data0]", "status": "failed", "statusDetails": {"message": "AssertionError: expected call not found.\nExpected: post('url=https://restful-booker.herokuapp.com/auth', json={'username': 'admin', 'password': 'password123'})\nActual: post(url='https://restful-booker.herokuapp.com/auth', json={'username': 'admin', 'password': 'password123'})", "trace": "api = <booker_client.Client object at 0x000002534CEE80B0>\nprovide_data = {'password': 'password123', 'username': 'admin'}\n\n    @pytest.mark.parametrize(\n        \"provide_data\", [{\"username\": \"admin\", \"password\": \"password123\"}], indirect=True\n    )\n    def test_get_token_mocked(api: Client, provide_data: dict):\n        data = provide_data\n        api_client = api\n        expected_resp = {\"token\": \"mocked_token\"}\n    \n        with patch(\"booker_client.requests.post\") as mock_post:\n            mock_post.return_value.json.return_value = expected_resp\n            mock_post.return_value.status_code = 201\n            resp = api_client.create_token(data)\n            assert resp == expected_resp\n>           mock_post.assert_called_once_with(\n                \"url=https://restful-booker.herokuapp.com/auth\",\n                json=data\n            )\n\npytest\\test_booker_client.py:40: \n_ _ _ _ _ _ _ _ _ _ _ _ _ _ _ _ _ _ _ _ _ _ _ _ _ _ _ _ _ _ _ _ _ _ _ _ _ _ _ _\nC:\\Users\\Andrey Nguyen\\AppData\\Local\\Programs\\Python\\Python312\\Lib\\unittest\\mock.py:956: in assert_called_once_with\n    return self.assert_called_with(*args, **kwargs)\n           ^^^^^^^^^^^^^^^^^^^^^^^^^^^^^^^^^^^^^^^^\n_ _ _ _ _ _ _ _ _ _ _ _ _ _ _ _ _ _ _ _ _ _ _ _ _ _ _ _ _ _ _ _ _ _ _ _ _ _ _ _\n\nself = <MagicMock name='post' id='2556795337232'>\nargs = ('url=https://restful-booker.herokuapp.com/auth',)\nkwargs = {'json': {'password': 'password123', 'username': 'admin'}}\nexpected = call('url=https://restful-booker.herokuapp.com/auth', json={'username': 'admin', 'password': 'password123'})\nactual = call(url='https://restful-booker.herokuapp.com/auth', json={'username': 'admin', 'password': 'password123'})\n_error_message = <function NonCallableMock.assert_called_with.<locals>._error_message at 0x000002534CEBB920>\ncause = None\n\n    def assert_called_with(self, /, *args, **kwargs):\n        \"\"\"assert that the last call was made with the specified arguments.\n    \n        Raises an AssertionError if the args and keyword args passed in are\n        different to the last call to the mock.\"\"\"\n        if self.call_args is None:\n            expected = self._format_mock_call_signature(args, kwargs)\n            actual = 'not called.'\n            error_message = ('expected call not found.\\nExpected: %s\\nActual: %s'\n                    % (expected, actual))\n            raise AssertionError(error_message)\n    \n        def _error_message():\n            msg = self._format_mock_failure_message(args, kwargs)\n            return msg\n        expected = self._call_matcher(_Call((args, kwargs), two=True))\n        actual = self._call_matcher(self.call_args)\n        if actual != expected:\n            cause = expected if isinstance(expected, Exception) else None\n>           raise AssertionError(_error_message()) from cause\nE           AssertionError: expected call not found.\nE           Expected: post('url=https://restful-booker.herokuapp.com/auth', json={'username': 'admin', 'password': 'password123'})\nE           Actual: post(url='https://restful-booker.herokuapp.com/auth', json={'username': 'admin', 'password': 'password123'})\n\nC:\\Users\\Andrey Nguyen\\AppData\\Local\\Programs\\Python\\Python312\\Lib\\unittest\\mock.py:944: AssertionError"}, "parameters": [{"name": "provide_data", "value": "{'username': 'admin', 'password': 'password123'}"}], "start": 1760709323377, "stop": 1760709323377, "uuid": "7d7b4171-8b78-4542-9dee-d01cb01fd558", "historyId": "a8d0559b47b72edf40f9f6ebadfdaae5", "testCaseId": "fa734b3835febedf87fd6b33acda0b9c", "fullName": "pytest.test_booker_client#test_get_token_mocked", "labels": [{"name": "parentSuite", "value": "pytest"}, {"name": "suite", "value": "test_booker_client"}, {"name": "host", "value": "DESKTOP-0QGV2SB"}, {"name": "thread", "value": "6064-MainThread"}, {"name": "framework", "value": "pytest"}, {"name": "language", "value": "cpython3"}, {"name": "package", "value": "pytest.test_booker_client"}], "titlePath": ["pytest", "test_booker_client.py"]}