{"name": "test_get_one_by_division[6-5]", "status": "failed", "statusDetails": {"message": "AssertionError: assert (5 // 6) == 1", "trace": "dividend = 5, divider = 6\n\n    @pytest.mark.parametrize(\"dividend\", [5, 6, 7])\n    @pytest.mark.parametrize(\"divider\", [5, 6, pytest.mark.skipif(8)])\n    def test_get_one_by_division(dividend: int, divider: int):\n>       assert dividend // divider == 1\nE       assert (5 // 6) == 1\n\npytest\\test_skippable_parametrise_test.py:16: AssertionError"}, "parameters": [{"name": "divider", "value": "6"}, {"name": "dividend", "value": "5"}], "start": 1758530319207, "stop": 1758530319207, "uuid": "34e1180b-a2a4-4e68-8891-0797ff05d640", "historyId": "f41d0f09d3ff45e2bc6a9e5304ade210", "testCaseId": "8a915c587867e1032ef7b1ed62cf5339", "fullName": "pytest.test_skippable_parametrise_test#test_get_one_by_division", "labels": [{"name": "parentSuite", "value": "pytest"}, {"name": "suite", "value": "test_skippable_parametrise_test"}, {"name": "host", "value": "DESKTOP-0QGV2SB"}, {"name": "thread", "value": "17488-MainThread"}, {"name": "framework", "value": "pytest"}, {"name": "language", "value": "cpython3"}, {"name": "package", "value": "pytest.test_skippable_parametrise_test"}], "titlePath": ["pytest", "test_skippable_parametrise_test.py"]}