{"name": "test_is_even[4]", "status": "failed", "statusDetails": {"message": "AssertionError: assert (4 // 2) == 0", "trace": "provide_number = 4\n\n    @pytest.mark.parametrize(\"provide_number\", [2, 4, 6, 7, 8, 10])\n    def test_is_even(provide_number):\n        num = provide_number\n>       assert num // 2 == 0\nE       assert (4 // 2) == 0\n\npytest\\test_dymanic_fixture.py:16: AssertionError"}, "parameters": [{"name": "provide_number", "value": "4"}], "start": 1758384659682, "stop": 1758384659682, "uuid": "c9b4f0c0-7e17-4479-ad14-48529d8e5307", "historyId": "88ddeea8a46605c37a12384daeb04a66", "testCaseId": "4ad69aa8b02832a787ce31bea5480fed", "fullName": "pytest.test_dymanic_fixture#test_is_even", "labels": [{"name": "parentSuite", "value": "pytest"}, {"name": "suite", "value": "test_dymanic_fixture"}, {"name": "host", "value": "DESKTOP-0QGV2SB"}, {"name": "thread", "value": "11752-MainThread"}, {"name": "framework", "value": "pytest"}, {"name": "language", "value": "cpython3"}, {"name": "package", "value": "pytest.test_dymanic_fixture"}], "titlePath": ["pytest", "test_dymanic_fixture.py"]}